000 (14375.007.000) 2024-01-21 15:16:41 Job submitted from host: <131.227.81.67:9618?addrs=131.227.81.67-9618&alias=aisurrey-condor01.surrey.ac.uk&noUDP&sock=schedd_1723_69c5>
...
040 (14375.007.000) 2024-01-21 15:16:42 Started transferring input files
	Transferring to host: <131.227.80.186:9618?addrs=131.227.80.186-9618&alias=aisurrey08.surrey.ac.uk&noUDP&sock=slot1_4_5916_1b6a_43311>
...
040 (14375.007.000) 2024-01-21 15:16:42 Finished transferring input files
...
001 (14375.007.000) 2024-01-21 15:16:43 Job executing on host: <131.227.80.186:9618?addrs=131.227.80.186-9618&alias=aisurrey08.surrey.ac.uk&noUDP&sock=startd_5675_280d>
...
006 (14375.007.000) 2024-01-21 15:16:52 Image size of job updated: 125
	28  -  MemoryUsage of job (MB)
	29204  -  ResidentSetSize of job (KB)
...
006 (14375.007.000) 2024-01-21 15:21:53 Image size of job updated: 125
	96  -  MemoryUsage of job (MB)
	98972  -  ResidentSetSize of job (KB)
...
006 (14375.007.000) 2024-01-21 15:51:57 Image size of job updated: 125
	96  -  MemoryUsage of job (MB)
	99264  -  ResidentSetSize of job (KB)
...
006 (14375.007.000) 2024-01-21 16:09:38 Image size of job updated: 125
	97  -  MemoryUsage of job (MB)
	99832  -  ResidentSetSize of job (KB)
...
004 (14375.007.000) 2024-01-21 16:09:38 Job was evicted.
	(0) CPU times
		Usr 0 00:33:44, Sys 0 00:01:18  -  Run Remote Usage
		Usr 0 00:00:00, Sys 0 00:00:00  -  Run Local Usage
	0  -  Run Bytes Sent By Job
	121432  -  Run Bytes Received By Job
	Partitionable Resources :    Usage  Request Allocated 
	   Cpus                 :     0.00        1         1 
	   Disk (KB)            : 51314         125    246844 
	   GPUs                 :                 0         0 
	   Memory (MB)          :    97       16384     16384 
...
009 (14375.007.000) 2024-01-21 16:09:38 Job was aborted.
	via condor_rm (by user hl01486)
...
