000 (14378.002.000) 2024-01-21 16:02:27 Job submitted from host: <131.227.81.67:9618?addrs=131.227.81.67-9618&alias=aisurrey-condor01.surrey.ac.uk&noUDP&sock=schedd_1723_69c5>
...
040 (14378.002.000) 2024-01-21 16:02:44 Started transferring input files
	Transferring to host: <131.227.80.188:9618?addrs=131.227.80.188-9618&alias=aisurrey09.surrey.ac.uk&noUDP&sock=slot1_4_5975_ad8c_4608>
...
040 (14378.002.000) 2024-01-21 16:02:44 Finished transferring input files
...
001 (14378.002.000) 2024-01-21 16:02:45 Job executing on host: <131.227.80.188:9618?addrs=131.227.80.188-9618&alias=aisurrey09.surrey.ac.uk&noUDP&sock=startd_5772_b0bc>
...
006 (14378.002.000) 2024-01-21 16:02:53 Image size of job updated: 125
	25  -  MemoryUsage of job (MB)
	25724  -  ResidentSetSize of job (KB)
...
006 (14378.002.000) 2024-01-21 16:07:53 Image size of job updated: 125
	91  -  MemoryUsage of job (MB)
	93336  -  ResidentSetSize of job (KB)
...
006 (14378.002.000) 2024-01-21 16:17:53 Image size of job updated: 125
	92  -  MemoryUsage of job (MB)
	94528  -  ResidentSetSize of job (KB)
...
006 (14378.002.000) 2024-01-21 16:22:53 Image size of job updated: 125
	92  -  MemoryUsage of job (MB)
	94992  -  ResidentSetSize of job (KB)
...
006 (14378.002.000) 2024-01-21 16:27:54 Image size of job updated: 125
	94  -  MemoryUsage of job (MB)
	96876  -  ResidentSetSize of job (KB)
...
006 (14378.002.000) 2024-01-21 16:57:58 Image size of job updated: 125
	95  -  MemoryUsage of job (MB)
	97552  -  ResidentSetSize of job (KB)
...
006 (14378.002.000) 2024-01-21 17:43:07 Image size of job updated: 125
	100  -  MemoryUsage of job (MB)
	103120  -  ResidentSetSize of job (KB)
...
006 (14378.002.000) 2024-01-22 01:43:54 Image size of job updated: 125
	102  -  MemoryUsage of job (MB)
	104656  -  ResidentSetSize of job (KB)
...
006 (14378.002.000) 2024-01-22 02:54:02 Image size of job updated: 125
	103  -  MemoryUsage of job (MB)
	106472  -  ResidentSetSize of job (KB)
...
006 (14378.002.000) 2024-01-23 07:57:02 Image size of job updated: 125
	105  -  MemoryUsage of job (MB)
	107736  -  ResidentSetSize of job (KB)
...
006 (14378.002.000) 2024-01-23 11:17:28 Image size of job updated: 125
	105  -  MemoryUsage of job (MB)
	108012  -  ResidentSetSize of job (KB)
...
006 (14378.002.000) 2024-01-24 02:09:05 Image size of job updated: 125
	106  -  MemoryUsage of job (MB)
	108852  -  ResidentSetSize of job (KB)
...
006 (14378.002.000) 2024-01-24 11:55:07 Image size of job updated: 125
	106  -  MemoryUsage of job (MB)
	109160  -  ResidentSetSize of job (KB)
...
004 (14378.002.000) 2024-01-24 16:12:45 Job was evicted.
	(0) CPU times
		Usr 1 23:46:42, Sys 0 01:54:58  -  Run Remote Usage
		Usr 0 00:00:00, Sys 0 00:00:00  -  Run Local Usage
	0  -  Run Bytes Sent By Job
	121432  -  Run Bytes Received By Job
	Partitionable Resources :     Usage  Request Allocated 
	   Cpus                 :      0.00        1         1 
	   Disk (KB)            : 106947         125    246844 
	   GPUs                 :                  0         0 
	   Memory (MB)          :    106       16384     16384 
...
040 (14378.002.000) 2024-01-24 16:15:07 Started transferring input files
	Transferring to host: <131.227.80.190:9618?addrs=131.227.80.190-9618&alias=aisurrey10.surrey.ac.uk&noUDP&sock=slot1_11_5985_b94c_37208>
...
040 (14378.002.000) 2024-01-24 16:15:07 Finished transferring input files
...
001 (14378.002.000) 2024-01-24 16:15:08 Job executing on host: <131.227.80.190:9618?addrs=131.227.80.190-9618&alias=aisurrey10.surrey.ac.uk&noUDP&sock=startd_5781_dd17>
...
006 (14378.002.000) 2024-01-25 22:13:20 Image size of job updated: 335
	335  -  MemoryUsage of job (MB)
	343412  -  ResidentSetSize of job (KB)
...
040 (14378.002.000) 2024-01-26 03:13:18 Started transferring output files
...
040 (14378.002.000) 2024-01-26 03:13:19 Finished transferring output files
...
005 (14378.002.000) 2024-01-26 03:13:19 Job terminated.
	(1) Normal termination (return value 0)
		Usr 0 23:00:18, Sys 0 00:56:53  -  Run Remote Usage
		Usr 0 00:00:00, Sys 0 00:00:00  -  Run Local Usage
		Usr 2 22:47:00, Sys 0 02:51:51  -  Total Remote Usage
		Usr 0 00:00:00, Sys 0 00:00:00  -  Total Local Usage
	27293300  -  Run Bytes Sent By Job
	121432  -  Run Bytes Received By Job
	27293300  -  Total Bytes Sent By Job
	242864  -  Total Bytes Received By Job
	Partitionable Resources :    Usage  Request Allocated 
	   Cpus                 :     0.00        1         1 
	   Disk (KB)            : 77261      125000    493688 
	   GPUs                 :                 0         0 
	   Memory (MB)          :   335       16384     16384 

	Job terminated of its own accord at 2024-01-26T03:13:18Z.
...
