000 (14380.004.000) 2024-01-21 16:18:46 Job submitted from host: <131.227.81.67:9618?addrs=131.227.81.67-9618&alias=aisurrey-condor01.surrey.ac.uk&noUDP&sock=schedd_1723_69c5>
...
040 (14380.004.000) 2024-01-21 16:18:47 Started transferring input files
	Transferring to host: <131.227.80.190:9618?addrs=131.227.80.190-9618&alias=aisurrey10.surrey.ac.uk&noUDP&sock=slot1_5_5985_b94c_35749>
...
040 (14380.004.000) 2024-01-21 16:18:47 Finished transferring input files
...
001 (14380.004.000) 2024-01-21 16:18:48 Job executing on host: <131.227.80.190:9618?addrs=131.227.80.190-9618&alias=aisurrey10.surrey.ac.uk&noUDP&sock=startd_5781_dd17>
...
006 (14380.004.000) 2024-01-21 16:18:56 Image size of job updated: 125
	24  -  MemoryUsage of job (MB)
	25212  -  ResidentSetSize of job (KB)
...
006 (14380.004.000) 2024-01-21 16:23:56 Image size of job updated: 125
	88  -  MemoryUsage of job (MB)
	91032  -  ResidentSetSize of job (KB)
...
006 (14380.004.000) 2024-01-21 16:28:56 Image size of job updated: 125
	93  -  MemoryUsage of job (MB)
	95312  -  ResidentSetSize of job (KB)
...
006 (14380.004.000) 2024-01-21 16:38:57 Image size of job updated: 125
	93  -  MemoryUsage of job (MB)
	96084  -  ResidentSetSize of job (KB)
...
006 (14380.004.000) 2024-01-21 17:14:00 Image size of job updated: 125
	94  -  MemoryUsage of job (MB)
	96664  -  ResidentSetSize of job (KB)
...
006 (14380.004.000) 2024-01-21 17:49:07 Image size of job updated: 125
	95  -  MemoryUsage of job (MB)
	97540  -  ResidentSetSize of job (KB)
...
006 (14380.004.000) 2024-01-21 17:54:07 Image size of job updated: 125
	96  -  MemoryUsage of job (MB)
	98648  -  ResidentSetSize of job (KB)
...
006 (14380.004.000) 2024-01-21 23:54:39 Image size of job updated: 125
	97  -  MemoryUsage of job (MB)
	100200  -  ResidentSetSize of job (KB)
...
006 (14380.004.000) 2024-01-22 06:25:16 Image size of job updated: 125
	98  -  MemoryUsage of job (MB)
	100464  -  ResidentSetSize of job (KB)
...
006 (14380.004.000) 2024-01-22 11:15:42 Image size of job updated: 125
	99  -  MemoryUsage of job (MB)
	102152  -  ResidentSetSize of job (KB)
...
006 (14380.004.000) 2024-01-22 12:15:47 Image size of job updated: 125
	100  -  MemoryUsage of job (MB)
	102404  -  ResidentSetSize of job (KB)
...
006 (14380.004.000) 2024-01-22 12:30:49 Image size of job updated: 125
	101  -  MemoryUsage of job (MB)
	103652  -  ResidentSetSize of job (KB)
...
006 (14380.004.000) 2024-01-22 14:41:01 Image size of job updated: 125
	102  -  MemoryUsage of job (MB)
	104464  -  ResidentSetSize of job (KB)
...
006 (14380.004.000) 2024-01-22 18:46:19 Image size of job updated: 125
	102  -  MemoryUsage of job (MB)
	104724  -  ResidentSetSize of job (KB)
...
006 (14380.004.000) 2024-01-23 05:07:26 Image size of job updated: 125
	102  -  MemoryUsage of job (MB)
	105260  -  ResidentSetSize of job (KB)
...
006 (14380.004.000) 2024-01-23 21:19:03 Image size of job updated: 125
	104  -  MemoryUsage of job (MB)
	106616  -  ResidentSetSize of job (KB)
...
004 (14380.004.000) 2024-01-24 16:28:54 Job was evicted.
	(0) CPU times
		Usr 1 23:40:49, Sys 0 02:01:30  -  Run Remote Usage
		Usr 0 00:00:00, Sys 0 00:00:00  -  Run Local Usage
	0  -  Run Bytes Sent By Job
	121432  -  Run Bytes Received By Job
	Partitionable Resources :     Usage  Request Allocated 
	   Cpus                 :      0.00        1         1 
	   Disk (KB)            : 107545         125    246844 
	   GPUs                 :                  0         0 
	   Memory (MB)          :    104       16384     16384 
...
040 (14380.004.000) 2024-01-24 16:32:48 Started transferring input files
	Transferring to host: <131.227.80.180:9618?addrs=131.227.80.180-9618&alias=aisurrey05.surrey.ac.uk&noUDP&sock=slot1_5_5842_f7a7_44180>
...
040 (14380.004.000) 2024-01-24 16:32:48 Finished transferring input files
...
001 (14380.004.000) 2024-01-24 16:32:49 Job executing on host: <131.227.80.180:9618?addrs=131.227.80.180-9618&alias=aisurrey05.surrey.ac.uk&noUDP&sock=startd_5644_e49d>
...
006 (14380.004.000) 2024-01-25 07:09:31 Image size of job updated: 125
	106  -  MemoryUsage of job (MB)
	125000  -  ResidentSetSize of job (KB)
...
004 (14380.004.000) 2024-01-27 16:42:50 Job was evicted.
	(0) CPU times
		Usr 1 22:35:46, Sys 0 01:57:40  -  Run Remote Usage
		Usr 0 00:00:00, Sys 0 00:00:00  -  Run Local Usage
	0  -  Run Bytes Sent By Job
	121432  -  Run Bytes Received By Job
	Partitionable Resources :     Usage  Request Allocated 
	   Cpus                 :      0.00        1         1 
	   Disk (KB)            : 105770      125000    493688 
	   GPUs                 :                  0         0 
	   Memory (MB)          :    106       16384     16384 
...
040 (14380.004.000) 2024-01-27 16:45:24 Started transferring input files
	Transferring to host: <10.4.1.31:9618?addrs=10.4.1.31-9618&alias=aisurrey21.surrey.ac.uk&noUDP&sock=slot1_7_6043_970f_753>
...
040 (14380.004.000) 2024-01-27 16:45:24 Finished transferring input files
...
001 (14380.004.000) 2024-01-27 16:45:25 Job executing on host: <10.4.1.31:9618?addrs=10.4.1.31-9618&alias=aisurrey21.surrey.ac.uk&noUDP&sock=startd_5937_dddd>
...
006 (14380.004.000) 2024-01-28 12:52:28 Image size of job updated: 125
	107  -  MemoryUsage of job (MB)
	125000  -  ResidentSetSize of job (KB)
...
006 (14380.004.000) 2024-01-28 13:07:30 Image size of job updated: 125
	108  -  MemoryUsage of job (MB)
	125000  -  ResidentSetSize of job (KB)
...
006 (14380.004.000) 2024-01-28 13:22:33 Image size of job updated: 125
	111  -  MemoryUsage of job (MB)
	125000  -  ResidentSetSize of job (KB)
...
006 (14380.004.000) 2024-01-28 13:37:34 Image size of job updated: 125
	112  -  MemoryUsage of job (MB)
	125000  -  ResidentSetSize of job (KB)
...
006 (14380.004.000) 2024-01-29 18:45:24 Image size of job updated: 125
	115  -  MemoryUsage of job (MB)
	125000  -  ResidentSetSize of job (KB)
...
004 (14380.004.000) 2024-01-30 16:45:29 Job was evicted.
	(0) CPU times
		Usr 1 21:34:36, Sys 0 02:04:15  -  Run Remote Usage
		Usr 0 00:00:00, Sys 0 00:00:00  -  Run Local Usage
	0  -  Run Bytes Sent By Job
	121432  -  Run Bytes Received By Job
	Partitionable Resources :     Usage  Request Allocated 
	   Cpus                 :      0.00        1         1 
	   Disk (KB)            : 115078      125000   8815825 
	   GPUs                 :                  0         0 
	   Memory (MB)          :    115       16384     16384 
...
040 (14380.004.000) 2024-01-30 16:47:36 Started transferring input files
	Transferring to host: <10.4.1.36:9618?addrs=10.4.1.36-9618&alias=aisurrey26.surrey.ac.uk&noUDP&sock=slot1_10_9597_b45f_20101>
...
040 (14380.004.000) 2024-01-30 16:47:36 Finished transferring input files
...
001 (14380.004.000) 2024-01-30 16:47:37 Job executing on host: <10.4.1.36:9618?addrs=10.4.1.36-9618&alias=aisurrey26.surrey.ac.uk&noUDP&sock=startd_9364_80ec>
...
