000 (14374.004.000) 2024-01-21 15:16:13 Job submitted from host: <131.227.81.67:9618?addrs=131.227.81.67-9618&alias=aisurrey-condor01.surrey.ac.uk&noUDP&sock=schedd_1723_69c5>
...
040 (14374.004.000) 2024-01-21 15:16:13 Started transferring input files
	Transferring to host: <131.227.80.186:9618?addrs=131.227.80.186-9618&alias=aisurrey08.surrey.ac.uk&noUDP&sock=slot1_3_5916_1b6a_43306>
...
040 (14374.004.000) 2024-01-21 15:16:13 Finished transferring input files
...
001 (14374.004.000) 2024-01-21 15:16:14 Job executing on host: <131.227.80.186:9618?addrs=131.227.80.186-9618&alias=aisurrey08.surrey.ac.uk&noUDP&sock=startd_5675_280d>
...
040 (14374.004.000) 2024-01-21 15:16:17 Started transferring output files
...
040 (14374.004.000) 2024-01-21 15:16:17 Finished transferring output files
...
005 (14374.004.000) 2024-01-21 15:16:17 Job terminated.
	(1) Normal termination (return value 2)
		Usr 0 00:00:00, Sys 0 00:00:00  -  Run Remote Usage
		Usr 0 00:00:00, Sys 0 00:00:00  -  Run Local Usage
		Usr 0 00:00:00, Sys 0 00:00:00  -  Total Remote Usage
		Usr 0 00:00:00, Sys 0 00:00:00  -  Total Local Usage
	261  -  Run Bytes Sent By Job
	121432  -  Run Bytes Received By Job
	261  -  Total Bytes Sent By Job
	121432  -  Total Bytes Received By Job
	Partitionable Resources :    Usage  Request Allocated 
	   Cpus                 :        0        1         1 
	   Disk (KB)            :      142      125    246844 
	   GPUs                 :                 0         0 
	   Memory (MB)          :             16384     16384 

	Job terminated of its own accord at 2024-01-21T15:16:17Z.
...
