000 (14375.000.000) 2024-01-21 15:16:41 Job submitted from host: <131.227.81.67:9618?addrs=131.227.81.67-9618&alias=aisurrey-condor01.surrey.ac.uk&noUDP&sock=schedd_1723_69c5>
...
040 (14375.000.000) 2024-01-21 15:16:42 Started transferring input files
	Transferring to host: <131.227.80.186:9618?addrs=131.227.80.186-9618&alias=aisurrey08.surrey.ac.uk&noUDP&sock=slot1_1_5916_1b6a_43308>
...
040 (14375.000.000) 2024-01-21 15:16:42 Finished transferring input files
...
001 (14375.000.000) 2024-01-21 15:16:43 Job executing on host: <131.227.80.186:9618?addrs=131.227.80.186-9618&alias=aisurrey08.surrey.ac.uk&noUDP&sock=startd_5675_280d>
...
006 (14375.000.000) 2024-01-21 15:16:51 Image size of job updated: 125
	24  -  MemoryUsage of job (MB)
	25296  -  ResidentSetSize of job (KB)
...
006 (14375.000.000) 2024-01-21 15:21:52 Image size of job updated: 125
	90  -  MemoryUsage of job (MB)
	92724  -  ResidentSetSize of job (KB)
...
006 (14375.000.000) 2024-01-21 15:26:53 Image size of job updated: 125
	95  -  MemoryUsage of job (MB)
	97592  -  ResidentSetSize of job (KB)
...
006 (14375.000.000) 2024-01-21 15:41:54 Image size of job updated: 125
	116  -  MemoryUsage of job (MB)
	119000  -  ResidentSetSize of job (KB)
...
006 (14375.000.000) 2024-01-21 15:46:55 Image size of job updated: 125
	118  -  MemoryUsage of job (MB)
	121344  -  ResidentSetSize of job (KB)
...
004 (14375.000.000) 2024-01-21 16:09:38 Job was evicted.
	(0) CPU times
		Usr 0 00:31:25, Sys 0 00:01:16  -  Run Remote Usage
		Usr 0 00:00:00, Sys 0 00:00:00  -  Run Local Usage
	0  -  Run Bytes Sent By Job
	121432  -  Run Bytes Received By Job
	Partitionable Resources :    Usage  Request Allocated 
	   Cpus                 :     0.00        1         1 
	   Disk (KB)            : 51278         125    246844 
	   GPUs                 :                 0         0 
	   Memory (MB)          :   118       16384     16384 
...
009 (14375.000.000) 2024-01-21 16:09:38 Job was aborted.
	via condor_rm (by user hl01486)
...
