000 (14590.000.000) 2024-01-31 06:17:52 Job submitted from host: <131.227.81.67:9618?addrs=131.227.81.67-9618&alias=aisurrey-condor01.surrey.ac.uk&noUDP&sock=schedd_1723_69c5>
...
040 (14590.000.000) 2024-01-31 06:17:52 Started transferring input files
	Transferring to host: <131.227.80.188:9618?addrs=131.227.80.188-9618&alias=aisurrey09.surrey.ac.uk&noUDP&sock=slot1_1_5975_ad8c_9321>
...
040 (14590.000.000) 2024-01-31 06:17:52 Finished transferring input files
...
001 (14590.000.000) 2024-01-31 06:17:53 Job executing on host: <131.227.80.188:9618?addrs=131.227.80.188-9618&alias=aisurrey09.surrey.ac.uk&noUDP&sock=startd_5772_b0bc>
...
006 (14590.000.000) 2024-01-31 06:18:02 Image size of job updated: 125
	114  -  MemoryUsage of job (MB)
	117548  -  ResidentSetSize of job (KB)
...
006 (14590.000.000) 2024-01-31 06:23:03 Image size of job updated: 383
	383  -  MemoryUsage of job (MB)
	393080  -  ResidentSetSize of job (KB)
...
006 (14590.000.000) 2024-01-31 06:28:03 Image size of job updated: 395
	395  -  MemoryUsage of job (MB)
	405380  -  ResidentSetSize of job (KB)
...
006 (14590.000.000) 2024-01-31 06:33:03 Image size of job updated: 409
	409  -  MemoryUsage of job (MB)
	419520  -  ResidentSetSize of job (KB)
...
006 (14590.000.000) 2024-01-31 06:43:04 Image size of job updated: 410
	410  -  MemoryUsage of job (MB)
	420468  -  ResidentSetSize of job (KB)
...
006 (14590.000.000) 2024-01-31 06:48:04 Image size of job updated: 450
	450  -  MemoryUsage of job (MB)
	461808  -  ResidentSetSize of job (KB)
...
006 (14590.000.000) 2024-01-31 09:18:14 Image size of job updated: 452
	452  -  MemoryUsage of job (MB)
	463664  -  ResidentSetSize of job (KB)
...
006 (14590.000.000) 2024-01-31 10:48:22 Image size of job updated: 468
	468  -  MemoryUsage of job (MB)
	479972  -  ResidentSetSize of job (KB)
...
004 (14590.000.000) 2024-02-01 02:29:07 Job was evicted.
	(0) CPU times
		Usr 0 18:33:29, Sys 0 03:20:05  -  Run Remote Usage
		Usr 0 00:00:00, Sys 0 00:00:00  -  Run Local Usage
	0  -  Run Bytes Sent By Job
	121432  -  Run Bytes Received By Job
	Partitionable Resources :    Usage  Request Allocated 
	   Cpus                 :     0.00        2         2 
	   Disk (KB)            :  2830         125    246844 
	   GPUs                 :                 0         0 
	   Memory (MB)          :   468       32768     32768 
...
009 (14590.000.000) 2024-02-01 02:29:07 Job was aborted.
	via condor_rm (by user hl01486)
...
