000 (14629.000.000) 2024-02-01 02:56:52 Job submitted from host: <131.227.81.67:9618?addrs=131.227.81.67-9618&alias=aisurrey-condor01.surrey.ac.uk&noUDP&sock=schedd_1723_69c5>
...
040 (14629.000.000) 2024-02-01 02:56:53 Started transferring input files
	Transferring to host: <131.227.80.174:9618?addrs=131.227.80.174-9618&alias=aisurrey02.surrey.ac.uk&noUDP&sock=slot1_1_7164_6f9c_34493>
...
040 (14629.000.000) 2024-02-01 02:56:53 Finished transferring input files
...
001 (14629.000.000) 2024-02-01 02:56:54 Job executing on host: <131.227.80.174:9618?addrs=131.227.80.174-9618&alias=aisurrey02.surrey.ac.uk&noUDP&sock=startd_7065_94b1>
...
006 (14629.000.000) 2024-02-01 02:57:02 Image size of job updated: 125
	26  -  MemoryUsage of job (MB)
	27188  -  ResidentSetSize of job (KB)
...
006 (14629.000.000) 2024-02-01 03:02:03 Image size of job updated: 374
	374  -  MemoryUsage of job (MB)
	383572  -  ResidentSetSize of job (KB)
...
006 (14629.000.000) 2024-02-01 03:07:03 Image size of job updated: 394
	394  -  MemoryUsage of job (MB)
	404056  -  ResidentSetSize of job (KB)
...
004 (14629.000.000) 2024-02-01 03:07:23 Job was evicted.
	(0) CPU times
		Usr 0 00:09:25, Sys 0 00:00:30  -  Run Remote Usage
		Usr 0 00:00:00, Sys 0 00:00:00  -  Run Local Usage
	0  -  Run Bytes Sent By Job
	121432  -  Run Bytes Received By Job
	Partitionable Resources :    Usage  Request Allocated 
	   Cpus                 :     0.00        2         2 
	   Disk (KB)            :   142         125    246844 
	   GPUs                 :                 0         0 
	   Memory (MB)          :   394       32768     32768 
...
009 (14629.000.000) 2024-02-01 03:07:23 Job was aborted.
	via condor_rm (by user hl01486)
...
